[2011-11-02 20:44:41] request.ERROR: Symfony\Component\HttpKernel\Exception\NotFoundHttpException: No route found for "GET /" (uncaught exception) at /var/www/trishin/data/www/symfony.trish.in/Symfony/vendor/symfony/src/Symfony/Bundle/FrameworkBundle/EventListener/RouterListener.php line 84 [] []
[2011-11-02 22:35:22] request.ERROR: Symfony\Component\HttpKernel\Exception\NotFoundHttpException: No route found for "GET /" (uncaught exception) at /var/www/trishin/data/www/symfony.trish.in/Symfony/vendor/symfony/src/Symfony/Bundle/FrameworkBundle/EventListener/RouterListener.php line 84 [] []
[2011-11-03 21:51:02] request.ERROR: Symfony\Component\HttpKernel\Exception\NotFoundHttpException: No route found for "GET /" (uncaught exception) at /var/www/trishin/data/www/symfony.trish.in/Symfony/app/cache/prod/classes.php line 4543 [] []
[2011-11-03 21:58:29] request.ERROR: Symfony\Component\HttpKernel\Exception\NotFoundHttpException: No route found for "GET /dfdf" (uncaught exception) at /var/www/trishin/data/www/symfony.trish.in/Symfony/app/cache/prod/classes.php line 4543 [] []
[2011-11-03 21:58:35] request.ERROR: Symfony\Component\HttpKernel\Exception\NotFoundHttpException: No route found for "GET /" (uncaught exception) at /var/www/trishin/data/www/symfony.trish.in/Symfony/app/cache/prod/classes.php line 4543 [] []
[2011-11-03 23:00:51] request.ERROR: Symfony\Component\HttpKernel\Exception\NotFoundHttpException: No route found for "GET /demo/hello/www" (uncaught exception) at /var/www/trishin/data/www/symfony.trish.in/Symfony/app/cache/prod/classes.php line 4543 [] []
[2011-11-03 23:01:49] request.ERROR: Symfony\Component\HttpKernel\Exception\NotFoundHttpException: No route found for "GET /demo/hello/www" (uncaught exception) at /var/www/trishin/data/www/symfony.trish.in/Symfony/app/cache/prod/classes.php line 4543 [] []
[2011-11-03 23:02:13] request.ERROR: Symfony\Component\HttpKernel\Exception\NotFoundHttpException: No route found for "GET /demo/hello/www" (uncaught exception) at /var/www/trishin/data/www/symfony.trish.in/Symfony/app/cache/prod/classes.php line 4543 [] []
[2011-11-03 23:02:55] request.ERROR: Symfony\Component\HttpKernel\Exception\NotFoundHttpException: No route found for "GET /demo/hello/Fabien" (uncaught exception) at /var/www/trishin/data/www/symfony.trish.in/Symfony/app/cache/prod/classes.php line 4543 [] []
[2011-11-03 23:04:44] request.ERROR: Symfony\Component\HttpKernel\Exception\NotFoundHttpException: No route found for "GET /demo/hello" (uncaught exception) at /var/www/trishin/data/www/symfony.trish.in/Symfony/app/cache/prod/classes.php line 4543 [] []
[2011-11-03 23:04:51] request.ERROR: Symfony\Component\HttpKernel\Exception\NotFoundHttpException: No route found for "GET /demo/hello/dfdf" (uncaught exception) at /var/www/trishin/data/www/symfony.trish.in/Symfony/app/cache/prod/classes.php line 4543 [] []
[2011-11-03 23:14:09] request.ERROR: Symfony\Component\HttpKernel\Exception\NotFoundHttpException: No route found for "GET /demo/hello/dfdf" (uncaught exception) at /var/www/trishin/data/www/symfony.trish.in/Symfony/app/cache/prod/classes.php line 4543 [] []
[2011-11-03 23:14:14] request.ERROR: Symfony\Component\HttpKernel\Exception\NotFoundHttpException: No route found for "GET /demo/hello/dfdf" (uncaught exception) at /var/www/trishin/data/www/symfony.trish.in/Symfony/app/cache/prod/classes.php line 4543 [] []
[2011-11-03 23:14:40] request.ERROR: Symfony\Component\HttpKernel\Exception\NotFoundHttpException: No route found for "GET /demo/hello/dfdf" (uncaught exception) at /var/www/trishin/data/www/symfony.trish.in/Symfony/app/cache/prod/classes.php line 4543 [] []
[2011-11-04 21:59:25] request.ERROR: Symfony\Component\HttpKernel\Exception\NotFoundHttpException: No route found for "GET /Symfony/web/config.php" (uncaught exception) at /var/www/trishin/data/www/symfony.trish.in/Symfony/app/cache/prod/classes.php line 4543 [] []
[2011-11-04 21:59:31] request.ERROR: Symfony\Component\HttpKernel\Exception\NotFoundHttpException: No route found for "GET /" (uncaught exception) at /var/www/trishin/data/www/symfony.trish.in/Symfony/app/cache/prod/classes.php line 4543 [] []
[2011-11-04 22:02:18] request.ERROR: Symfony\Component\HttpKernel\Exception\NotFoundHttpException: No route found for "GET /demo/hello/rr" (uncaught exception) at /var/www/trishin/data/www/symfony.trish.in/Symfony/app/cache/prod/classes.php line 4543 [] []
[2011-11-04 22:56:15] request.ERROR: Symfony\Component\HttpKernel\Exception\NotFoundHttpException: No route found for "GET /test" (uncaught exception) at /var/www/trishin/data/www/symfony.trish.in/Symfony/app/cache/prod/classes.php line 4543 [] []
[2011-11-04 22:56:22] request.ERROR: Symfony\Component\HttpKernel\Exception\NotFoundHttpException: No route found for "GET /test/index" (uncaught exception) at /var/www/trishin/data/www/symfony.trish.in/Symfony/app/cache/prod/classes.php line 4543 [] []
[2011-11-04 22:58:09] request.ERROR: Symfony\Component\HttpKernel\Exception\NotFoundHttpException: No route found for "GET /" (uncaught exception) at /var/www/trishin/data/www/symfony.trish.in/Symfony/app/cache/prod/classes.php line 4543 [] []
[2011-11-04 22:58:44] request.ERROR: Symfony\Component\HttpKernel\Exception\NotFoundHttpException: No route found for "GET /test/" (uncaught exception) at /var/www/trishin/data/www/symfony.trish.in/Symfony/app/cache/prod/classes.php line 4543 [] []
[2011-11-04 23:07:24] request.ERROR: Symfony\Component\HttpKernel\Exception\NotFoundHttpException: No route found for "GET /" (uncaught exception) at /var/www/trishin/data/www/symfony.trish.in/Symfony/app/cache/prod/classes.php line 4543 [] []
[2011-11-04 23:38:39] request.ERROR: Symfony\Component\HttpKernel\Exception\NotFoundHttpException: No route found for "GET /test/" (uncaught exception) at /var/www/trishin/data/www/symfony.trish.in/Symfony/app/cache/prod/classes.php line 4543 [] []
[2011-11-04 23:39:27] request.ERROR: Symfony\Component\HttpKernel\Exception\NotFoundHttpException: No route found for "GET /test/" (uncaught exception) at /var/www/trishin/data/www/symfony.trish.in/Symfony/app/cache/prod/classes.php line 4543 [] []
[2011-11-04 23:39:34] request.ERROR: Symfony\Component\HttpKernel\Exception\NotFoundHttpException: No route found for "GET /test/" (uncaught exception) at /var/www/trishin/data/www/symfony.trish.in/Symfony/app/cache/prod/classes.php line 4543 [] []
[2011-11-04 23:40:06] request.ERROR: Symfony\Component\HttpKernel\Exception\NotFoundHttpException: No route found for "GET /test/" (uncaught exception) at /var/www/trishin/data/www/symfony.trish.in/Symfony/app/cache/prod/classes.php line 4543 [] []
[2011-11-04 23:40:16] request.ERROR: Symfony\Component\HttpKernel\Exception\NotFoundHttpException: No route found for "GET /test/" (uncaught exception) at /var/www/trishin/data/www/symfony.trish.in/Symfony/app/cache/prod/classes.php line 4543 [] []
[2011-11-04 23:42:00] request.ERROR: Symfony\Component\HttpKernel\Exception\NotFoundHttpException: No route found for "GET /test/" (uncaught exception) at /var/www/trishin/data/www/symfony.trish.in/Symfony/app/cache/prod/classes.php line 4543 [] []
[2011-11-04 23:42:02] request.ERROR: Symfony\Component\HttpKernel\Exception\NotFoundHttpException: No route found for "GET /test/" (uncaught exception) at /var/www/trishin/data/www/symfony.trish.in/Symfony/app/cache/prod/classes.php line 4543 [] []
[2011-11-04 23:42:03] request.ERROR: Symfony\Component\HttpKernel\Exception\NotFoundHttpException: No route found for "GET /test/" (uncaught exception) at /var/www/trishin/data/www/symfony.trish.in/Symfony/app/cache/prod/classes.php line 4543 [] []
[2011-11-04 23:42:03] request.ERROR: Symfony\Component\HttpKernel\Exception\NotFoundHttpException: No route found for "GET /test/" (uncaught exception) at /var/www/trishin/data/www/symfony.trish.in/Symfony/app/cache/prod/classes.php line 4543 [] []
[2011-11-04 23:42:04] request.ERROR: Symfony\Component\HttpKernel\Exception\NotFoundHttpException: No route found for "GET /test/" (uncaught exception) at /var/www/trishin/data/www/symfony.trish.in/Symfony/app/cache/prod/classes.php line 4543 [] []
[2011-11-04 23:42:05] request.ERROR: Symfony\Component\HttpKernel\Exception\NotFoundHttpException: No route found for "GET /test/" (uncaught exception) at /var/www/trishin/data/www/symfony.trish.in/Symfony/app/cache/prod/classes.php line 4543 [] []
[2011-11-04 23:42:30] request.ERROR: Symfony\Component\HttpKernel\Exception\NotFoundHttpException: No route found for "GET /test/" (uncaught exception) at /var/www/trishin/data/www/symfony.trish.in/Symfony/app/cache/prod/classes.php line 4543 [] []
[2011-11-04 23:43:33] request.ERROR: Symfony\Component\HttpKernel\Exception\NotFoundHttpException: No route found for "GET /test/" (uncaught exception) at /var/www/trishin/data/www/symfony.trish.in/Symfony/app/cache/prod/classes.php line 4543 [] []
[2011-11-04 23:43:36] request.ERROR: Symfony\Component\HttpKernel\Exception\NotFoundHttpException: No route found for "GET /test" (uncaught exception) at /var/www/trishin/data/www/symfony.trish.in/Symfony/app/cache/prod/classes.php line 4543 [] []
[2011-11-07 09:42:56] request.ERROR: Symfony\Component\HttpKernel\Exception\NotFoundHttpException: No route found for "GET /" (uncaught exception) at /var/www/trishin/data/www/symfony.trish.in/Symfony/app/cache/prod/classes.php line 4543 [] []
[2011-11-07 09:51:15] request.ERROR: Symfony\Component\HttpKernel\Exception\NotFoundHttpException: No route found for "GET /test/" (uncaught exception) at /var/www/trishin/data/www/symfony.trish.in/Symfony/app/cache/prod/classes.php line 4543 [] []
[2011-11-07 09:52:41] request.ERROR: Symfony\Component\HttpKernel\Exception\NotFoundHttpException: No route found for "GET /test/" (uncaught exception) at /var/www/trishin/data/www/symfony.trish.in/Symfony/app/cache/prod/classes.php line 4543 [] []
[2011-11-09 22:20:56] request.ERROR: Symfony\Component\HttpKernel\Exception\NotFoundHttpException: No route found for "GET /" (uncaught exception) at /var/www/trishin/data/www/symfony.trish.in/Symfony/app/cache/prod/classes.php line 4543 [] []
[2012-01-11 22:09:28] request.ERROR: Symfony\Component\HttpKernel\Exception\NotFoundHttpException: No route found for "GET /" (uncaught exception) at /var/www/trishin/data/www/symfony.trish.in/Symfony/vendor/symfony/src/Symfony/Bundle/FrameworkBundle/EventListener/RouterListener.php line 84 [] []
[2012-01-11 22:27:26] request.ERROR: Symfony\Component\HttpKernel\Exception\NotFoundHttpException: No route found for "GET /" (uncaught exception) at /var/www/trishin/data/www/symfony.trish.in/Symfony/app/cache/prod/classes.php line 4543 [] []
[2012-01-23 21:42:29] request.ERROR: Symfony\Component\HttpKernel\Exception\NotFoundHttpException: No route found for "GET /" (uncaught exception) at /var/www/trishin/data/www/symfony.trish.in/Symfony/app/cache/prod/classes.php line 4543 [] []
[2012-03-16 21:58:37] request.ERROR: Symfony\Component\HttpKernel\Exception\NotFoundHttpException: No route found for "GET /" (uncaught exception) at /var/www/trishin/data/www/symfony.trish.in/Symfony/app/cache/prod/classes.php line 4543 [] []
[2012-03-16 22:05:09] request.ERROR: Symfony\Component\HttpKernel\Exception\NotFoundHttpException: No route found for "GET /" (uncaught exception) at /var/www/trishin/data/www/symfony.trish.in/Symfony/app/cache/prod/classes.php line 4543 [] []
